2023-04-21 07:17:54 INFO  Basepage:67 -[[[FirefoxDriver: firefox on WINDOWS (fab6c46a-0888-4d90-955f-cbe74285fdb5)] -> xpath: //*[@id="Catalog"]/table/tbody//td[2]], [[FirefoxDriver: firefox on WINDOWS (fab6c46a-0888-4d90-955f-cbe74285fdb5)] -> xpath: //*[@id="Catalog"]/table/tbody//td[2]]]
2023-04-21 07:20:54 INFO  Verify:52 -Verified birds page title Successfully PASS  Actual Result :: true ::  Expected Result :: true
2023-04-21 07:21:00 INFO  Verify:34 -Verified animal name is matched  Successfully Fail  Actual Result :: Fish ::  Expected Result :: Angelfish
2023-04-21 07:21:01 INFO  Verify:52 -Verified birds page title Successfully PASS  Actual Result :: true ::  Expected Result :: true
2023-04-21 07:21:07 INFO  Verify:34 -Verified animal name is matched  Successfully Fail  Actual Result :: Fish ::  Expected Result :: Tiger Shark
2023-04-21 07:21:07 INFO  Verify:52 -Verified birds page title Successfully PASS  Actual Result :: true ::  Expected Result :: true
2023-04-21 07:21:13 INFO  Verify:34 -Verified animal name is matched  Successfully Fail  Actual Result :: Fish ::  Expected Result :: Koi
2023-04-21 07:21:13 INFO  Verify:52 -Verified birds page title Successfully PASS  Actual Result :: true ::  Expected Result :: true
2023-04-21 07:21:19 INFO  Verify:34 -Verified animal name is matched  Successfully Fail  Actual Result :: Fish ::  Expected Result :: Goldfish
2023-04-21 07:45:15 INFO  Verify:52 -Verified birds page title Successfully PASS  Actual Result :: true ::  Expected Result :: true
2023-04-21 07:51:13 INFO  Verify:52 -Verified birds page title Successfully PASS  Actual Result :: true ::  Expected Result :: true
2023-04-21 07:52:33 INFO  Verify:52 -Verified birds page title Successfully PASS  Actual Result :: true ::  Expected Result :: true
2023-04-21 07:52:40 INFO  Verify:34 -Verified animal name is matched  Successfully Fail  Actual Result :: Fish ::  Expected Result :: Amazon Parrot
2023-04-21 07:52:40 INFO  Verify:52 -Verified birds page title Successfully PASS  Actual Result :: true ::  Expected Result :: true
2023-04-21 07:52:46 INFO  Verify:34 -Verified animal name is matched  Successfully Fail  Actual Result :: Fish ::  Expected Result :: Finch
2023-04-21 07:56:34 INFO  Verify:52 -Verified Fish page title Successfully PASS  Actual Result :: true ::  Expected Result :: true
2023-04-21 07:56:41 INFO  Verify:34 -Verified animal name is matched  Successfully Fail  Actual Result :: Fish ::  Expected Result :: Amazon Parrot
2023-04-21 07:56:41 INFO  Verify:52 -Verified Fish page title Successfully PASS  Actual Result :: true ::  Expected Result :: true
2023-04-21 07:56:47 INFO  Verify:34 -Verified animal name is matched  Successfully Fail  Actual Result :: Fish ::  Expected Result :: Finch
2023-04-21 07:56:48 INFO  Verify:52 -Verified birds page title Successfully PASS  Actual Result :: true ::  Expected Result :: true
2023-04-21 07:56:54 INFO  Verify:34 -Verified animal name is matched  Successfully Fail  Actual Result :: Fish ::  Expected Result :: Angelfish
2023-04-21 07:56:55 INFO  Verify:52 -Verified birds page title Successfully PASS  Actual Result :: true ::  Expected Result :: true
2023-04-21 07:57:01 INFO  Verify:34 -Verified animal name is matched  Successfully Fail  Actual Result :: Fish ::  Expected Result :: Tiger Shark
2023-04-21 07:57:01 INFO  Verify:52 -Verified birds page title Successfully PASS  Actual Result :: true ::  Expected Result :: true
2023-04-21 07:57:07 INFO  Verify:34 -Verified animal name is matched  Successfully Fail  Actual Result :: Fish ::  Expected Result :: Koi
2023-04-21 07:57:08 INFO  Verify:52 -Verified birds page title Successfully PASS  Actual Result :: true ::  Expected Result :: true
2023-04-21 07:57:14 INFO  Verify:34 -Verified animal name is matched  Successfully Fail  Actual Result :: Fish ::  Expected Result :: Goldfish
2023-04-21 07:57:14 INFO  Verify:52 -Verified dog page title Successfully PASS  Actual Result :: true ::  Expected Result :: true
2023-04-21 07:57:20 INFO  Verify:34 -Verified animal name is matched  Successfully Fail  Actual Result :: Fish ::  Expected Result :: Amazon Parrot
2023-04-21 07:57:21 INFO  Verify:52 -Verified dog page title Successfully PASS  Actual Result :: true ::  Expected Result :: true
2023-04-21 07:57:26 INFO  Verify:34 -Verified animal name is matched  Successfully Fail  Actual Result :: Fish ::  Expected Result :: Finch
2023-04-21 07:57:27 INFO  Verify:52 -Verified cat page title Successfully PASS  Actual Result :: true ::  Expected Result :: true
2023-04-21 07:57:33 INFO  Verify:34 -Verified animal name is matched  Successfully Fail  Actual Result :: Fish ::  Expected Result :: Bulldog
2023-04-21 07:57:34 INFO  Verify:52 -Verified cat page title Successfully PASS  Actual Result :: true ::  Expected Result :: true
2023-04-21 07:57:40 INFO  Verify:34 -Verified animal name is matched  Successfully Fail  Actual Result :: Fish ::  Expected Result :: Poodle
2023-04-21 07:57:40 INFO  Verify:52 -Verified cat page title Successfully PASS  Actual Result :: true ::  Expected Result :: true
2023-04-21 07:57:46 INFO  Verify:34 -Verified animal name is matched  Successfully Fail  Actual Result :: Fish ::  Expected Result :: Dalmation
2023-04-21 07:57:47 INFO  Verify:52 -Verified cat page title Successfully PASS  Actual Result :: true ::  Expected Result :: true
2023-04-21 07:57:53 INFO  Verify:34 -Verified animal name is matched  Successfully Fail  Actual Result :: Fish ::  Expected Result :: Golden Retriever
2023-04-21 07:57:54 INFO  Verify:52 -Verified cat page title Successfully PASS  Actual Result :: true ::  Expected Result :: true
2023-04-21 07:57:59 INFO  Verify:34 -Verified animal name is matched  Successfully Fail  Actual Result :: Fish ::  Expected Result :: Labrador Retriever
2023-04-21 07:58:00 INFO  Verify:52 -Verified cat page title Successfully PASS  Actual Result :: true ::  Expected Result :: true
2023-04-21 07:58:06 INFO  Verify:34 -Verified animal name is matched  Successfully Fail  Actual Result :: Fish ::  Expected Result :: Chihuahua
2023-04-21 07:58:07 INFO  Verify:52 -Verified reptiles page title Successfully PASS  Actual Result :: true ::  Expected Result :: true
2023-04-21 07:58:13 INFO  Verify:34 -Verified animal name is matched  Successfully Fail  Actual Result :: Fish ::  Expected Result :: Manx
2023-04-21 07:58:14 INFO  Verify:52 -Verified reptiles page title Successfully PASS  Actual Result :: true ::  Expected Result :: true
2023-04-21 07:58:20 INFO  Verify:34 -Verified animal name is matched  Successfully Fail  Actual Result :: Fish ::  Expected Result :: Persian
2023-04-24 12:53:18 INFO  Verify:52 -Verified Fish page title Successfully PASS  Actual Result :: true ::  Expected Result :: true
2023-04-24 12:53:25 INFO  Verify:34 -Verified animal name is matched  Successfully Fail  Actual Result :: Fish ::  Expected Result :: Rattlesnake
2023-04-24 12:53:25 INFO  Verify:52 -Verified Fish page title Successfully PASS  Actual Result :: true ::  Expected Result :: true
2023-04-24 12:53:31 INFO  Verify:34 -Verified animal name is matched  Successfully Fail  Actual Result :: Fish ::  Expected Result :: Iguana
2023-04-24 12:55:13 INFO  Verify:52 -Verified Fish page title Successfully PASS  Actual Result :: true ::  Expected Result :: true
2023-04-24 12:55:19 INFO  Verify:34 -Verified animal name is matched  Successfully Fail  Actual Result :: Fish ::  Expected Result :: Tiger Shark
2023-04-24 12:55:20 INFO  Verify:52 -Verified Fish page title Successfully PASS  Actual Result :: true ::  Expected Result :: true
2023-04-24 12:55:26 INFO  Verify:34 -Verified animal name is matched  Successfully Fail  Actual Result :: Fish ::  Expected Result :: Koi
2023-04-24 12:55:27 INFO  Verify:52 -Verified Fish page title Successfully PASS  Actual Result :: true ::  Expected Result :: true
2023-04-24 12:55:33 INFO  Verify:34 -Verified animal name is matched  Successfully Fail  Actual Result :: Fish ::  Expected Result :: Goldfish
2023-04-24 12:57:39 INFO  Verify:52 -Verified Fish page title Successfully PASS  Actual Result :: true ::  Expected Result :: true
2023-04-24 12:57:46 INFO  Verify:34 -Verified animal name is matched  Successfully Fail  Actual Result :: Fish ::  Expected Result :: Tiger Shark
2023-04-24 12:57:47 INFO  Verify:52 -Verified Fish page title Successfully PASS  Actual Result :: true ::  Expected Result :: true
2023-04-24 12:57:47 INFO  Verify:52 -Verified Fish page title Successfully PASS  Actual Result :: true ::  Expected Result :: true
2023-04-24 12:57:53 INFO  Verify:34 -Verified animal name is matched  Successfully Fail  Actual Result :: Fish ::  Expected Result :: Koi
2023-04-24 12:57:53 INFO  Verify:34 -Verified animal name is matched  Successfully Fail  Actual Result :: Fish ::  Expected Result :: Tiger Shark
2023-04-24 12:57:54 INFO  Verify:52 -Verified Fish page title Successfully PASS  Actual Result :: true ::  Expected Result :: true
2023-04-24 12:57:54 INFO  Verify:52 -Verified Fish page title Successfully PASS  Actual Result :: true ::  Expected Result :: true
2023-04-24 12:58:00 INFO  Verify:34 -Verified animal name is matched  Successfully Fail  Actual Result :: Fish ::  Expected Result :: Koi
2023-04-24 12:58:00 INFO  Verify:34 -Verified animal name is matched  Successfully Fail  Actual Result :: Fish ::  Expected Result :: Goldfish
2023-04-24 12:58:01 INFO  Verify:52 -Verified Fish page title Successfully PASS  Actual Result :: true ::  Expected Result :: true
2023-04-24 12:58:07 INFO  Verify:34 -Verified animal name is matched  Successfully Fail  Actual Result :: Fish ::  Expected Result :: Goldfish
2023-04-24 01:10:35 INFO  Verify:52 -Verified Fish page title Successfully PASS  Actual Result :: true ::  Expected Result :: true
2023-04-24 01:10:41 INFO  Verify:34 -Verified animal name is matched  Successfully Fail  Actual Result :: Fish ::  Expected Result :: Tiger Shark
2023-04-24 01:10:42 INFO  Verify:52 -Verified Fish page title Successfully PASS  Actual Result :: true ::  Expected Result :: true
2023-04-24 01:10:48 INFO  Verify:34 -Verified animal name is matched  Successfully Fail  Actual Result :: Fish ::  Expected Result :: Koi
2023-04-24 01:10:49 INFO  Verify:52 -Verified Fish page title Successfully PASS  Actual Result :: true ::  Expected Result :: true
2023-04-24 01:10:55 INFO  Verify:34 -Verified animal name is matched  Successfully Fail  Actual Result :: Fish ::  Expected Result :: Goldfish
2023-04-24 02:07:52 INFO  Verify:34 -Verified animal name is matched  Successfully Fail  Actual Result :: Fish ::  Expected Result :: Tiger Shark
2023-04-24 02:07:59 INFO  Verify:34 -Verified animal name is matched  Successfully Fail  Actual Result :: Fish ::  Expected Result :: Koi
2023-04-24 02:08:05 INFO  Verify:34 -Verified animal name is matched  Successfully Fail  Actual Result :: Fish ::  Expected Result :: Goldfish
2023-04-24 02:12:01 INFO  Verify:29 -Verified animal name is matched  Successfully Pass  Actual Result :: Tiger Shark ::  Expected Result :: Tiger Shark
2023-04-24 02:12:08 INFO  Verify:29 -Verified animal name is matched  Successfully Pass  Actual Result :: Koi ::  Expected Result :: Koi
2023-04-24 02:12:14 INFO  Verify:29 -Verified animal name is matched  Successfully Pass  Actual Result :: Goldfish ::  Expected Result :: Goldfish
2023-04-24 02:15:48 INFO  Verify:29 -Verified animal name is matched  Successfully Pass  Actual Result :: Tiger Shark ::  Expected Result :: Tiger Shark
2023-04-24 02:15:54 INFO  Verify:29 -Verified animal name is matched  Successfully Pass  Actual Result :: Koi ::  Expected Result :: Koi
2023-04-24 02:16:01 INFO  Verify:29 -Verified animal name is matched  Successfully Pass  Actual Result :: Goldfish ::  Expected Result :: Goldfish
2023-04-24 02:16:02 INFO  Verify:52 -Verified birds page title Successfully PASS  Actual Result :: true ::  Expected Result :: true
2023-04-24 02:16:07 INFO  Verify:29 -Verified animal name is matched  Successfully Pass  Actual Result :: Tiger Shark ::  Expected Result :: Tiger Shark
2023-04-24 02:16:08 INFO  Verify:52 -Verified birds page title Successfully PASS  Actual Result :: true ::  Expected Result :: true
2023-04-24 02:16:14 INFO  Verify:29 -Verified animal name is matched  Successfully Pass  Actual Result :: Koi ::  Expected Result :: Koi
2023-04-24 02:16:14 INFO  Verify:52 -Verified birds page title Successfully PASS  Actual Result :: true ::  Expected Result :: true
2023-04-24 02:16:20 INFO  Verify:29 -Verified animal name is matched  Successfully Pass  Actual Result :: Goldfish ::  Expected Result :: Goldfish
2023-04-24 02:17:12 INFO  Verify:29 -Verified animal name is matched  Successfully Pass  Actual Result :: Amazon Parrot ::  Expected Result :: Amazon Parrot
2023-04-24 02:17:19 INFO  Verify:29 -Verified animal name is matched  Successfully Pass  Actual Result :: Finch ::  Expected Result :: Finch
2023-04-24 02:17:20 INFO  Verify:52 -Verified birds page title Successfully PASS  Actual Result :: true ::  Expected Result :: true
2023-04-24 02:17:26 INFO  Verify:29 -Verified animal name is matched  Successfully Pass  Actual Result :: Angelfish ::  Expected Result :: Angelfish
2023-04-24 02:17:26 INFO  Verify:52 -Verified birds page title Successfully PASS  Actual Result :: true ::  Expected Result :: true
2023-04-24 02:17:32 INFO  Verify:29 -Verified animal name is matched  Successfully Pass  Actual Result :: Tiger Shark ::  Expected Result :: Tiger Shark
2023-04-24 02:17:33 INFO  Verify:52 -Verified birds page title Successfully PASS  Actual Result :: true ::  Expected Result :: true
2023-04-24 02:17:39 INFO  Verify:29 -Verified animal name is matched  Successfully Pass  Actual Result :: Koi ::  Expected Result :: Koi
2023-04-24 02:17:39 INFO  Verify:52 -Verified birds page title Successfully PASS  Actual Result :: true ::  Expected Result :: true
2023-04-24 02:17:45 INFO  Verify:29 -Verified animal name is matched  Successfully Pass  Actual Result :: Goldfish ::  Expected Result :: Goldfish
2023-04-24 02:34:42 INFO  Verify:29 -Verified animal name is matched  Successfully Pass  Actual Result :: Amazon Parrot ::  Expected Result :: Amazon Parrot
2023-04-24 02:34:48 INFO  Verify:29 -Verified animal name is matched  Successfully Pass  Actual Result :: Finch ::  Expected Result :: Finch
2023-04-24 02:36:44 INFO  Verify:29 -Verified animal name is matched  Successfully Pass  Actual Result :: Amazon Parrot ::  Expected Result :: Amazon Parrot
2023-04-24 02:36:51 INFO  Verify:29 -Verified animal name is matched  Successfully Pass  Actual Result :: Finch ::  Expected Result :: Finch
2023-04-24 02:44:17 INFO  Verify:29 -Verified animal name is matched  Successfully Pass  Actual Result :: Angelfish ::  Expected Result :: Angelfish
2023-04-24 02:44:24 INFO  Verify:29 -Verified animal name is matched  Successfully Pass  Actual Result :: Tiger Shark ::  Expected Result :: Tiger Shark
2023-04-24 02:44:31 INFO  Verify:29 -Verified animal name is matched  Successfully Pass  Actual Result :: Koi ::  Expected Result :: Koi
2023-04-24 02:44:37 INFO  Verify:29 -Verified animal name is matched  Successfully Pass  Actual Result :: Goldfish ::  Expected Result :: Goldfish
2023-04-24 02:45:05 INFO  Verify:29 -Verified animal name is matched  Successfully Pass  Actual Result :: Angelfish ::  Expected Result :: Angelfish
2023-04-24 02:45:12 INFO  Verify:29 -Verified animal name is matched  Successfully Pass  Actual Result :: Tiger Shark ::  Expected Result :: Tiger Shark
2023-04-24 02:45:18 INFO  Verify:29 -Verified animal name is matched  Successfully Pass  Actual Result :: Koi ::  Expected Result :: Koi
2023-04-24 02:45:25 INFO  Verify:29 -Verified animal name is matched  Successfully Pass  Actual Result :: Goldfish ::  Expected Result :: Goldfish
2023-04-24 02:51:49 INFO  Verify:29 -Verified animal name is matched  Successfully Pass  Actual Result :: Amazon Parrot ::  Expected Result :: Amazon Parrot
2023-04-24 02:51:56 INFO  Verify:29 -Verified animal name is matched  Successfully Pass  Actual Result :: Finch ::  Expected Result :: Finch
2023-04-24 02:52:45 INFO  Verify:29 -Verified animal name is matched  Successfully Pass  Actual Result :: Amazon Parrot ::  Expected Result :: Amazon Parrot
2023-04-24 02:52:51 INFO  Verify:29 -Verified animal name is matched  Successfully Pass  Actual Result :: Finch ::  Expected Result :: Finch
2023-04-24 03:02:43 INFO  Verify:29 -Verified animal name is matched  Successfully Pass  Actual Result :: Amazon Parrot ::  Expected Result :: Amazon Parrot
2023-04-24 03:02:44 INFO  Verify:29 -Verified animal name is matched  Successfully Pass  Actual Result :: Amazon Parrot ::  Expected Result :: Amazon Parrot
2023-04-24 03:02:44 INFO  Verify:29 -Verified animal name is matched  Successfully Pass  Actual Result :: Amazon Parrot ::  Expected Result :: Amazon Parrot
2023-04-24 03:02:45 INFO  Verify:29 -Verified animal name is matched  Successfully Pass  Actual Result :: Amazon Parrot ::  Expected Result :: Amazon Parrot
2023-04-24 03:02:45 INFO  Verify:29 -Verified animal name is matched  Successfully Pass  Actual Result :: Amazon Parrot ::  Expected Result :: Amazon Parrot
2023-04-24 03:02:45 INFO  Verify:29 -Verified animal name is matched  Successfully Pass  Actual Result :: Amazon Parrot ::  Expected Result :: Amazon Parrot
2023-04-24 03:02:46 INFO  Verify:29 -Verified animal name is matched  Successfully Pass  Actual Result :: Amazon Parrot ::  Expected Result :: Amazon Parrot
2023-04-24 03:02:46 INFO  Verify:29 -Verified animal name is matched  Successfully Pass  Actual Result :: Amazon Parrot ::  Expected Result :: Amazon Parrot
2023-04-24 03:02:47 INFO  Verify:29 -Verified animal name is matched  Successfully Pass  Actual Result :: Amazon Parrot ::  Expected Result :: Amazon Parrot
2023-04-24 03:02:47 INFO  Verify:29 -Verified animal name is matched  Successfully Pass  Actual Result :: Amazon Parrot ::  Expected Result :: Amazon Parrot
2023-04-24 03:02:47 INFO  Verify:29 -Verified animal name is matched  Successfully Pass  Actual Result :: Amazon Parrot ::  Expected Result :: Amazon Parrot
2023-04-24 03:02:48 INFO  Verify:29 -Verified animal name is matched  Successfully Pass  Actual Result :: Amazon Parrot ::  Expected Result :: Amazon Parrot
2023-04-24 03:02:48 INFO  Verify:29 -Verified animal name is matched  Successfully Pass  Actual Result :: Amazon Parrot ::  Expected Result :: Amazon Parrot
2023-04-24 03:02:49 INFO  Verify:29 -Verified animal name is matched  Successfully Pass  Actual Result :: Amazon Parrot ::  Expected Result :: Amazon Parrot
2023-04-24 03:02:49 INFO  Verify:29 -Verified animal name is matched  Successfully Pass  Actual Result :: Amazon Parrot ::  Expected Result :: Amazon Parrot
2023-04-24 03:02:49 INFO  Verify:29 -Verified animal name is matched  Successfully Pass  Actual Result :: Amazon Parrot ::  Expected Result :: Amazon Parrot
2023-04-24 03:02:50 INFO  Verify:29 -Verified animal name is matched  Successfully Pass  Actual Result :: Amazon Parrot ::  Expected Result :: Amazon Parrot
2023-04-24 03:02:50 INFO  Verify:29 -Verified animal name is matched  Successfully Pass  Actual Result :: Amazon Parrot ::  Expected Result :: Amazon Parrot
2023-04-24 03:02:51 INFO  Verify:29 -Verified animal name is matched  Successfully Pass  Actual Result :: Amazon Parrot ::  Expected Result :: Amazon Parrot
2023-04-24 03:02:51 INFO  Verify:29 -Verified animal name is matched  Successfully Pass  Actual Result :: Amazon Parrot ::  Expected Result :: Amazon Parrot
2023-04-24 03:02:51 INFO  Verify:29 -Verified animal name is matched  Successfully Pass  Actual Result :: Amazon Parrot ::  Expected Result :: Amazon Parrot
2023-04-24 03:02:52 INFO  Verify:29 -Verified animal name is matched  Successfully Pass  Actual Result :: Amazon Parrot ::  Expected Result :: Amazon Parrot
2023-04-24 03:02:52 INFO  Verify:29 -Verified animal name is matched  Successfully Pass  Actual Result :: Amazon Parrot ::  Expected Result :: Amazon Parrot
2023-04-24 03:02:53 INFO  Verify:29 -Verified animal name is matched  Successfully Pass  Actual Result :: Amazon Parrot ::  Expected Result :: Amazon Parrot
2023-04-24 03:02:53 INFO  Verify:29 -Verified animal name is matched  Successfully Pass  Actual Result :: Amazon Parrot ::  Expected Result :: Amazon Parrot
2023-04-24 03:02:53 INFO  Verify:29 -Verified animal name is matched  Successfully Pass  Actual Result :: Amazon Parrot ::  Expected Result :: Amazon Parrot
2023-04-24 03:02:54 INFO  Verify:29 -Verified animal name is matched  Successfully Pass  Actual Result :: Amazon Parrot ::  Expected Result :: Amazon Parrot
2023-04-24 03:02:54 INFO  Verify:29 -Verified animal name is matched  Successfully Pass  Actual Result :: Amazon Parrot ::  Expected Result :: Amazon Parrot
2023-04-24 03:02:55 INFO  Verify:29 -Verified animal name is matched  Successfully Pass  Actual Result :: Amazon Parrot ::  Expected Result :: Amazon Parrot
2023-04-24 03:02:55 INFO  Verify:29 -Verified animal name is matched  Successfully Pass  Actual Result :: Amazon Parrot ::  Expected Result :: Amazon Parrot
2023-04-24 03:02:55 INFO  Verify:29 -Verified animal name is matched  Successfully Pass  Actual Result :: Amazon Parrot ::  Expected Result :: Amazon Parrot
2023-04-24 03:02:56 INFO  Verify:29 -Verified animal name is matched  Successfully Pass  Actual Result :: Amazon Parrot ::  Expected Result :: Amazon Parrot
2023-04-24 03:02:56 INFO  Verify:29 -Verified animal name is matched  Successfully Pass  Actual Result :: Amazon Parrot ::  Expected Result :: Amazon Parrot
2023-04-24 03:02:56 INFO  Verify:29 -Verified animal name is matched  Successfully Pass  Actual Result :: Amazon Parrot ::  Expected Result :: Amazon Parrot
2023-04-24 03:02:57 INFO  Verify:29 -Verified animal name is matched  Successfully Pass  Actual Result :: Amazon Parrot ::  Expected Result :: Amazon Parrot
2023-04-24 03:02:57 INFO  Verify:29 -Verified animal name is matched  Successfully Pass  Actual Result :: Amazon Parrot ::  Expected Result :: Amazon Parrot
2023-04-24 03:02:57 INFO  Verify:29 -Verified animal name is matched  Successfully Pass  Actual Result :: Amazon Parrot ::  Expected Result :: Amazon Parrot
2023-04-24 03:02:58 INFO  Verify:29 -Verified animal name is matched  Successfully Pass  Actual Result :: Amazon Parrot ::  Expected Result :: Amazon Parrot
2023-04-24 03:02:58 INFO  Verify:29 -Verified animal name is matched  Successfully Pass  Actual Result :: Amazon Parrot ::  Expected Result :: Amazon Parrot
2023-04-24 03:02:59 INFO  Verify:29 -Verified animal name is matched  Successfully Pass  Actual Result :: Amazon Parrot ::  Expected Result :: Amazon Parrot
2023-04-24 03:02:59 INFO  Verify:29 -Verified animal name is matched  Successfully Pass  Actual Result :: Amazon Parrot ::  Expected Result :: Amazon Parrot
2023-04-24 03:02:59 INFO  Verify:29 -Verified animal name is matched  Successfully Pass  Actual Result :: Amazon Parrot ::  Expected Result :: Amazon Parrot
2023-04-24 03:03:00 INFO  Verify:29 -Verified animal name is matched  Successfully Pass  Actual Result :: Amazon Parrot ::  Expected Result :: Amazon Parrot
2023-04-24 03:03:00 INFO  Verify:29 -Verified animal name is matched  Successfully Pass  Actual Result :: Amazon Parrot ::  Expected Result :: Amazon Parrot
2023-04-24 03:03:00 INFO  Verify:29 -Verified animal name is matched  Successfully Pass  Actual Result :: Amazon Parrot ::  Expected Result :: Amazon Parrot
2023-04-24 03:03:01 INFO  Verify:29 -Verified animal name is matched  Successfully Pass  Actual Result :: Amazon Parrot ::  Expected Result :: Amazon Parrot
2023-04-24 03:03:01 INFO  Verify:29 -Verified animal name is matched  Successfully Pass  Actual Result :: Amazon Parrot ::  Expected Result :: Amazon Parrot
2023-04-24 03:03:02 INFO  Verify:29 -Verified animal name is matched  Successfully Pass  Actual Result :: Amazon Parrot ::  Expected Result :: Amazon Parrot
2023-04-24 03:03:02 INFO  Verify:29 -Verified animal name is matched  Successfully Pass  Actual Result :: Amazon Parrot ::  Expected Result :: Amazon Parrot
2023-04-24 03:03:02 INFO  Verify:29 -Verified animal name is matched  Successfully Pass  Actual Result :: Amazon Parrot ::  Expected Result :: Amazon Parrot
2023-04-24 03:03:03 INFO  Verify:29 -Verified animal name is matched  Successfully Pass  Actual Result :: Amazon Parrot ::  Expected Result :: Amazon Parrot
2023-04-24 03:03:03 INFO  Verify:29 -Verified animal name is matched  Successfully Pass  Actual Result :: Amazon Parrot ::  Expected Result :: Amazon Parrot
2023-04-24 03:03:04 INFO  Verify:29 -Verified animal name is matched  Successfully Pass  Actual Result :: Amazon Parrot ::  Expected Result :: Amazon Parrot
2023-04-24 03:03:04 INFO  Verify:29 -Verified animal name is matched  Successfully Pass  Actual Result :: Amazon Parrot ::  Expected Result :: Amazon Parrot
2023-04-24 03:03:04 INFO  Verify:29 -Verified animal name is matched  Successfully Pass  Actual Result :: Amazon Parrot ::  Expected Result :: Amazon Parrot
2023-04-24 03:03:05 INFO  Verify:29 -Verified animal name is matched  Successfully Pass  Actual Result :: Amazon Parrot ::  Expected Result :: Amazon Parrot
2023-04-24 03:03:06 INFO  Verify:29 -Verified animal name is matched  Successfully Pass  Actual Result :: Amazon Parrot ::  Expected Result :: Amazon Parrot
2023-04-24 03:03:06 INFO  Verify:29 -Verified animal name is matched  Successfully Pass  Actual Result :: Amazon Parrot ::  Expected Result :: Amazon Parrot
2023-04-24 03:03:06 INFO  Verify:29 -Verified animal name is matched  Successfully Pass  Actual Result :: Amazon Parrot ::  Expected Result :: Amazon Parrot
2023-04-24 03:03:07 INFO  Verify:29 -Verified animal name is matched  Successfully Pass  Actual Result :: Amazon Parrot ::  Expected Result :: Amazon Parrot
2023-04-24 03:03:07 INFO  Verify:29 -Verified animal name is matched  Successfully Pass  Actual Result :: Amazon Parrot ::  Expected Result :: Amazon Parrot
2023-04-24 03:03:07 INFO  Verify:29 -Verified animal name is matched  Successfully Pass  Actual Result :: Amazon Parrot ::  Expected Result :: Amazon Parrot
2023-04-24 03:03:08 INFO  Verify:29 -Verified animal name is matched  Successfully Pass  Actual Result :: Amazon Parrot ::  Expected Result :: Amazon Parrot
2023-04-24 03:03:08 INFO  Verify:29 -Verified animal name is matched  Successfully Pass  Actual Result :: Amazon Parrot ::  Expected Result :: Amazon Parrot
2023-04-24 03:03:08 INFO  Verify:29 -Verified animal name is matched  Successfully Pass  Actual Result :: Amazon Parrot ::  Expected Result :: Amazon Parrot
2023-04-24 03:03:09 INFO  Verify:29 -Verified animal name is matched  Successfully Pass  Actual Result :: Amazon Parrot ::  Expected Result :: Amazon Parrot
2023-04-24 03:03:09 INFO  Verify:29 -Verified animal name is matched  Successfully Pass  Actual Result :: Amazon Parrot ::  Expected Result :: Amazon Parrot
2023-04-24 03:03:09 INFO  Verify:29 -Verified animal name is matched  Successfully Pass  Actual Result :: Amazon Parrot ::  Expected Result :: Amazon Parrot
2023-04-24 03:03:10 INFO  Verify:29 -Verified animal name is matched  Successfully Pass  Actual Result :: Amazon Parrot ::  Expected Result :: Amazon Parrot
2023-04-24 03:03:11 INFO  Verify:29 -Verified animal name is matched  Successfully Pass  Actual Result :: Amazon Parrot ::  Expected Result :: Amazon Parrot
2023-04-24 03:03:11 INFO  Verify:29 -Verified animal name is matched  Successfully Pass  Actual Result :: Amazon Parrot ::  Expected Result :: Amazon Parrot
2023-04-24 03:03:13 INFO  Verify:29 -Verified animal name is matched  Successfully Pass  Actual Result :: Amazon Parrot ::  Expected Result :: Amazon Parrot
2023-04-24 03:03:15 INFO  Verify:29 -Verified animal name is matched  Successfully Pass  Actual Result :: Amazon Parrot ::  Expected Result :: Amazon Parrot
2023-04-24 03:03:15 INFO  Verify:29 -Verified animal name is matched  Successfully Pass  Actual Result :: Amazon Parrot ::  Expected Result :: Amazon Parrot
2023-04-24 03:03:16 INFO  Verify:29 -Verified animal name is matched  Successfully Pass  Actual Result :: Amazon Parrot ::  Expected Result :: Amazon Parrot
2023-04-24 03:03:17 INFO  Verify:29 -Verified animal name is matched  Successfully Pass  Actual Result :: Amazon Parrot ::  Expected Result :: Amazon Parrot
2023-04-24 03:03:17 INFO  Verify:29 -Verified animal name is matched  Successfully Pass  Actual Result :: Amazon Parrot ::  Expected Result :: Amazon Parrot
2023-04-24 03:03:17 INFO  Verify:29 -Verified animal name is matched  Successfully Pass  Actual Result :: Amazon Parrot ::  Expected Result :: Amazon Parrot
2023-04-24 03:03:18 INFO  Verify:29 -Verified animal name is matched  Successfully Pass  Actual Result :: Amazon Parrot ::  Expected Result :: Amazon Parrot
2023-04-24 03:03:18 INFO  Verify:29 -Verified animal name is matched  Successfully Pass  Actual Result :: Amazon Parrot ::  Expected Result :: Amazon Parrot
2023-04-24 03:03:19 INFO  Verify:29 -Verified animal name is matched  Successfully Pass  Actual Result :: Amazon Parrot ::  Expected Result :: Amazon Parrot
2023-04-24 03:03:19 INFO  Verify:29 -Verified animal name is matched  Successfully Pass  Actual Result :: Amazon Parrot ::  Expected Result :: Amazon Parrot
2023-04-24 03:03:20 INFO  Verify:29 -Verified animal name is matched  Successfully Pass  Actual Result :: Amazon Parrot ::  Expected Result :: Amazon Parrot
2023-04-24 03:03:21 INFO  Verify:29 -Verified animal name is matched  Successfully Pass  Actual Result :: Amazon Parrot ::  Expected Result :: Amazon Parrot
2023-04-24 03:03:21 INFO  Verify:29 -Verified animal name is matched  Successfully Pass  Actual Result :: Amazon Parrot ::  Expected Result :: Amazon Parrot
2023-04-24 03:03:21 INFO  Verify:29 -Verified animal name is matched  Successfully Pass  Actual Result :: Amazon Parrot ::  Expected Result :: Amazon Parrot
2023-04-24 03:03:22 INFO  Verify:29 -Verified animal name is matched  Successfully Pass  Actual Result :: Amazon Parrot ::  Expected Result :: Amazon Parrot
2023-04-24 03:03:23 INFO  Verify:29 -Verified animal name is matched  Successfully Pass  Actual Result :: Amazon Parrot ::  Expected Result :: Amazon Parrot
2023-04-24 03:03:23 INFO  Verify:29 -Verified animal name is matched  Successfully Pass  Actual Result :: Amazon Parrot ::  Expected Result :: Amazon Parrot
2023-04-24 03:03:24 INFO  Verify:29 -Verified animal name is matched  Successfully Pass  Actual Result :: Amazon Parrot ::  Expected Result :: Amazon Parrot
2023-04-24 03:03:24 INFO  Verify:29 -Verified animal name is matched  Successfully Pass  Actual Result :: Amazon Parrot ::  Expected Result :: Amazon Parrot
2023-04-24 03:03:25 INFO  Verify:29 -Verified animal name is matched  Successfully Pass  Actual Result :: Amazon Parrot ::  Expected Result :: Amazon Parrot
2023-04-24 03:03:26 INFO  Verify:29 -Verified animal name is matched  Successfully Pass  Actual Result :: Amazon Parrot ::  Expected Result :: Amazon Parrot
2023-04-24 03:03:26 INFO  Verify:29 -Verified animal name is matched  Successfully Pass  Actual Result :: Amazon Parrot ::  Expected Result :: Amazon Parrot
2023-04-24 03:03:27 INFO  Verify:29 -Verified animal name is matched  Successfully Pass  Actual Result :: Amazon Parrot ::  Expected Result :: Amazon Parrot
2023-04-24 03:03:28 INFO  Verify:29 -Verified animal name is matched  Successfully Pass  Actual Result :: Amazon Parrot ::  Expected Result :: Amazon Parrot
2023-04-24 03:03:28 INFO  Verify:29 -Verified animal name is matched  Successfully Pass  Actual Result :: Amazon Parrot ::  Expected Result :: Amazon Parrot
2023-04-24 03:03:29 INFO  Verify:29 -Verified animal name is matched  Successfully Pass  Actual Result :: Amazon Parrot ::  Expected Result :: Amazon Parrot
2023-04-24 03:03:29 INFO  Verify:29 -Verified animal name is matched  Successfully Pass  Actual Result :: Amazon Parrot ::  Expected Result :: Amazon Parrot
2023-04-24 03:03:29 INFO  Verify:29 -Verified animal name is matched  Successfully Pass  Actual Result :: Amazon Parrot ::  Expected Result :: Amazon Parrot
2023-04-24 03:03:30 INFO  Verify:29 -Verified animal name is matched  Successfully Pass  Actual Result :: Amazon Parrot ::  Expected Result :: Amazon Parrot
2023-04-24 03:03:30 INFO  Verify:29 -Verified animal name is matched  Successfully Pass  Actual Result :: Amazon Parrot ::  Expected Result :: Amazon Parrot
2023-04-24 03:03:31 INFO  Verify:29 -Verified animal name is matched  Successfully Pass  Actual Result :: Amazon Parrot ::  Expected Result :: Amazon Parrot
2023-04-24 03:03:31 INFO  Verify:29 -Verified animal name is matched  Successfully Pass  Actual Result :: Amazon Parrot ::  Expected Result :: Amazon Parrot
2023-04-24 03:03:32 INFO  Verify:29 -Verified animal name is matched  Successfully Pass  Actual Result :: Amazon Parrot ::  Expected Result :: Amazon Parrot
2023-04-24 03:03:32 INFO  Verify:29 -Verified animal name is matched  Successfully Pass  Actual Result :: Amazon Parrot ::  Expected Result :: Amazon Parrot
2023-04-24 03:03:33 INFO  Verify:29 -Verified animal name is matched  Successfully Pass  Actual Result :: Amazon Parrot ::  Expected Result :: Amazon Parrot
2023-04-24 03:03:33 INFO  Verify:29 -Verified animal name is matched  Successfully Pass  Actual Result :: Amazon Parrot ::  Expected Result :: Amazon Parrot
2023-04-24 03:03:33 INFO  Verify:29 -Verified animal name is matched  Successfully Pass  Actual Result :: Amazon Parrot ::  Expected Result :: Amazon Parrot
2023-04-24 03:03:34 INFO  Verify:29 -Verified animal name is matched  Successfully Pass  Actual Result :: Amazon Parrot ::  Expected Result :: Amazon Parrot
2023-04-24 03:03:35 INFO  Verify:29 -Verified animal name is matched  Successfully Pass  Actual Result :: Amazon Parrot ::  Expected Result :: Amazon Parrot
2023-04-24 03:03:35 INFO  Verify:29 -Verified animal name is matched  Successfully Pass  Actual Result :: Amazon Parrot ::  Expected Result :: Amazon Parrot
2023-04-24 03:03:36 INFO  Verify:29 -Verified animal name is matched  Successfully Pass  Actual Result :: Amazon Parrot ::  Expected Result :: Amazon Parrot
2023-04-24 03:03:36 INFO  Verify:29 -Verified animal name is matched  Successfully Pass  Actual Result :: Amazon Parrot ::  Expected Result :: Amazon Parrot
2023-04-24 03:03:37 INFO  Verify:29 -Verified animal name is matched  Successfully Pass  Actual Result :: Amazon Parrot ::  Expected Result :: Amazon Parrot
2023-04-24 03:03:38 INFO  Verify:29 -Verified animal name is matched  Successfully Pass  Actual Result :: Amazon Parrot ::  Expected Result :: Amazon Parrot
2023-04-24 03:03:38 INFO  Verify:29 -Verified animal name is matched  Successfully Pass  Actual Result :: Amazon Parrot ::  Expected Result :: Amazon Parrot
2023-04-24 03:03:39 INFO  Verify:29 -Verified animal name is matched  Successfully Pass  Actual Result :: Amazon Parrot ::  Expected Result :: Amazon Parrot
2023-04-24 03:03:40 INFO  Verify:29 -Verified animal name is matched  Successfully Pass  Actual Result :: Amazon Parrot ::  Expected Result :: Amazon Parrot
2023-04-24 03:03:40 INFO  Verify:29 -Verified animal name is matched  Successfully Pass  Actual Result :: Amazon Parrot ::  Expected Result :: Amazon Parrot
2023-04-24 03:03:41 INFO  Verify:29 -Verified animal name is matched  Successfully Pass  Actual Result :: Amazon Parrot ::  Expected Result :: Amazon Parrot
2023-04-24 03:03:41 INFO  Verify:29 -Verified animal name is matched  Successfully Pass  Actual Result :: Amazon Parrot ::  Expected Result :: Amazon Parrot
2023-04-24 03:03:42 INFO  Verify:29 -Verified animal name is matched  Successfully Pass  Actual Result :: Amazon Parrot ::  Expected Result :: Amazon Parrot
2023-04-24 03:03:43 INFO  Verify:29 -Verified animal name is matched  Successfully Pass  Actual Result :: Amazon Parrot ::  Expected Result :: Amazon Parrot
2023-04-24 03:03:43 INFO  Verify:29 -Verified animal name is matched  Successfully Pass  Actual Result :: Amazon Parrot ::  Expected Result :: Amazon Parrot
2023-04-24 03:03:44 INFO  Verify:29 -Verified animal name is matched  Successfully Pass  Actual Result :: Amazon Parrot ::  Expected Result :: Amazon Parrot
2023-04-24 03:03:45 INFO  Verify:29 -Verified animal name is matched  Successfully Pass  Actual Result :: Amazon Parrot ::  Expected Result :: Amazon Parrot
2023-04-24 03:03:46 INFO  Verify:29 -Verified animal name is matched  Successfully Pass  Actual Result :: Amazon Parrot ::  Expected Result :: Amazon Parrot
2023-04-24 03:03:47 INFO  Verify:29 -Verified animal name is matched  Successfully Pass  Actual Result :: Amazon Parrot ::  Expected Result :: Amazon Parrot
2023-04-24 03:03:48 INFO  Verify:29 -Verified animal name is matched  Successfully Pass  Actual Result :: Amazon Parrot ::  Expected Result :: Amazon Parrot
2023-04-24 03:03:48 INFO  Verify:29 -Verified animal name is matched  Successfully Pass  Actual Result :: Amazon Parrot ::  Expected Result :: Amazon Parrot
2023-04-24 03:03:49 INFO  Verify:29 -Verified animal name is matched  Successfully Pass  Actual Result :: Amazon Parrot ::  Expected Result :: Amazon Parrot
2023-04-24 03:03:49 INFO  Verify:29 -Verified animal name is matched  Successfully Pass  Actual Result :: Amazon Parrot ::  Expected Result :: Amazon Parrot
2023-04-24 03:09:56 INFO  Verify:29 -Verified animal name is matched  Successfully Pass  Actual Result :: Amazon Parrot ::  Expected Result :: Amazon Parrot
2023-04-24 03:12:25 INFO  Verify:29 -Verified animal name is matched  Successfully Pass  Actual Result :: Amazon Parrot ::  Expected Result :: Amazon Parrot
2023-04-24 03:13:54 INFO  Verify:29 -Verified animal name is matched  Successfully Pass  Actual Result :: Amazon Parrot ::  Expected Result :: Amazon Parrot
2023-04-24 03:14:00 INFO  Verify:29 -Verified animal name is matched  Successfully Pass  Actual Result :: Finch ::  Expected Result :: Finch
2023-04-24 03:15:05 INFO  Verify:52 -Verified birds page title Successfully PASS  Actual Result :: true ::  Expected Result :: true
2023-04-24 03:15:11 INFO  Verify:29 -Verified animal name is matched  Successfully Pass  Actual Result :: Amazon Parrot ::  Expected Result :: Amazon Parrot
2023-04-24 03:15:12 INFO  Verify:52 -Verified birds page title Successfully PASS  Actual Result :: true ::  Expected Result :: true
2023-04-24 03:15:18 INFO  Verify:29 -Verified animal name is matched  Successfully Pass  Actual Result :: Finch ::  Expected Result :: Finch
2023-04-24 03:16:42 INFO  Verify:52 -Verified birds page title Successfully PASS  Actual Result :: true ::  Expected Result :: true
2023-04-24 03:16:48 INFO  Verify:29 -Verified animal name is matched  Successfully Pass  Actual Result :: Amazon Parrot ::  Expected Result :: Amazon Parrot
2023-04-24 03:16:49 INFO  Verify:52 -Verified birds page title Successfully PASS  Actual Result :: true ::  Expected Result :: true
2023-04-24 03:16:55 INFO  Verify:29 -Verified animal name is matched  Successfully Pass  Actual Result :: Finch ::  Expected Result :: Finch
2023-04-24 03:21:17 INFO  BirdsPage:39 -[[FirefoxDriver: firefox on WINDOWS (dc755e06-2d07-4559-99b9-0e0be01ddf38)] -> xpath: //div[@id="Catalog"]/child::h2[text()='Birds']]
2023-04-24 03:21:24 INFO  Verify:29 -Verified animal name is matched  Successfully Pass  Actual Result :: Amazon Parrot ::  Expected Result :: Amazon Parrot
2023-04-24 03:21:24 INFO  BirdsPage:39 -[[FirefoxDriver: firefox on WINDOWS (dc755e06-2d07-4559-99b9-0e0be01ddf38)] -> xpath: //div[@id="Catalog"]/child::h2[text()='Birds']]
2023-04-24 03:21:30 INFO  Verify:29 -Verified animal name is matched  Successfully Pass  Actual Result :: Finch ::  Expected Result :: Finch
2023-04-24 03:23:11 INFO  BirdsPage:39 -[[FirefoxDriver: firefox on WINDOWS (680eea39-5999-4b58-adc0-bf92fdc96a86)] -> xpath: //div[@id="Catalog"]/child::h2[text()='Birds']]
2023-04-24 03:23:11 INFO  Verify:29 -Verified birds page title Successfully Pass  Actual Result :: Birds ::  Expected Result :: Birds
2023-04-24 03:23:17 INFO  Verify:29 -Verified animal name is matched  Successfully Pass  Actual Result :: Amazon Parrot ::  Expected Result :: Amazon Parrot
2023-04-24 03:23:18 INFO  BirdsPage:39 -[[FirefoxDriver: firefox on WINDOWS (680eea39-5999-4b58-adc0-bf92fdc96a86)] -> xpath: //div[@id="Catalog"]/child::h2[text()='Birds']]
2023-04-24 03:23:18 INFO  Verify:29 -Verified birds page title Successfully Pass  Actual Result :: Birds ::  Expected Result :: Birds
2023-04-24 03:23:24 INFO  Verify:29 -Verified animal name is matched  Successfully Pass  Actual Result :: Finch ::  Expected Result :: Finch
2023-04-24 06:10:11 INFO  Verify:29 -Verified animal name is matched  Successfully Pass  Actual Result :: Manx ::  Expected Result :: Manx
2023-04-24 06:10:18 INFO  Verify:29 -Verified animal name is matched  Successfully Pass  Actual Result :: Persian ::  Expected Result :: Persian
2023-04-24 06:13:43 INFO  Verify:29 -Verified Fish page title Successfully Pass  Actual Result :: Fish ::  Expected Result :: Fish
2023-04-24 06:13:49 INFO  Verify:29 -Verified animal name is matched  Successfully Pass  Actual Result :: Manx ::  Expected Result :: Manx
2023-04-24 06:13:50 INFO  Verify:29 -Verified Fish page title Successfully Pass  Actual Result :: Fish ::  Expected Result :: Fish
2023-04-24 06:13:56 INFO  Verify:29 -Verified animal name is matched  Successfully Pass  Actual Result :: Persian ::  Expected Result :: Persian
2023-04-24 06:13:57 INFO  Verify:52 -Verified dog page title Successfully PASS  Actual Result :: true ::  Expected Result :: true
2023-04-24 06:14:03 INFO  Verify:29 -Verified animal name is matched  Successfully Pass  Actual Result :: Angelfish ::  Expected Result :: Angelfish
2023-04-24 06:14:03 INFO  Verify:52 -Verified dog page title Successfully PASS  Actual Result :: true ::  Expected Result :: true
2023-04-24 06:14:09 INFO  Verify:29 -Verified animal name is matched  Successfully Pass  Actual Result :: Tiger Shark ::  Expected Result :: Tiger Shark
2023-04-24 06:14:10 INFO  Verify:52 -Verified dog page title Successfully PASS  Actual Result :: true ::  Expected Result :: true
2023-04-24 06:14:16 INFO  Verify:29 -Verified animal name is matched  Successfully Pass  Actual Result :: Koi ::  Expected Result :: Koi
2023-04-24 06:14:17 INFO  Verify:52 -Verified dog page title Successfully PASS  Actual Result :: true ::  Expected Result :: true
2023-04-24 06:14:23 INFO  Verify:29 -Verified animal name is matched  Successfully Pass  Actual Result :: Goldfish ::  Expected Result :: Goldfish
2023-04-24 06:14:30 INFO  Verify:29 -Verified animal name is matched  Successfully Pass  Actual Result :: Bulldog ::  Expected Result :: Bulldog
2023-04-24 06:14:36 INFO  Verify:29 -Verified animal name is matched  Successfully Pass  Actual Result :: Poodle ::  Expected Result :: Poodle
2023-04-24 06:14:43 INFO  Verify:29 -Verified animal name is matched  Successfully Pass  Actual Result :: Dalmation ::  Expected Result :: Dalmation
2023-04-24 06:14:50 INFO  Verify:29 -Verified animal name is matched  Successfully Pass  Actual Result :: Golden Retriever ::  Expected Result :: Golden Retriever
2023-04-24 06:14:56 INFO  Verify:29 -Verified animal name is matched  Successfully Pass  Actual Result :: Labrador Retriever ::  Expected Result :: Labrador Retriever
2023-04-24 06:15:03 INFO  Verify:29 -Verified animal name is matched  Successfully Pass  Actual Result :: Chihuahua ::  Expected Result :: Chihuahua
2023-04-24 06:15:04 INFO  Verify:52 -Verified reptiles page title Successfully PASS  Actual Result :: true ::  Expected Result :: true
2023-04-24 06:15:10 INFO  Verify:29 -Verified animal name is matched  Successfully Pass  Actual Result :: Manx ::  Expected Result :: Manx
2023-04-24 06:15:10 INFO  Verify:52 -Verified reptiles page title Successfully PASS  Actual Result :: true ::  Expected Result :: true
2023-04-24 06:15:16 INFO  Verify:29 -Verified animal name is matched  Successfully Pass  Actual Result :: Persian ::  Expected Result :: Persian
2023-04-24 06:18:34 INFO  Verify:29 -Verified birds page title Successfully Pass  Actual Result :: Birds ::  Expected Result :: Birds
2023-04-24 06:19:07 INFO  Verify:29 -Verified birds page title Successfully Pass  Actual Result :: Birds ::  Expected Result :: Birds
2023-04-24 06:19:14 INFO  Verify:29 -Verified animal name is matched  Successfully Pass  Actual Result :: Amazon Parrot ::  Expected Result :: Amazon Parrot
2023-04-24 06:19:14 INFO  Verify:29 -Verified birds page title Successfully Pass  Actual Result :: Birds ::  Expected Result :: Birds
2023-04-24 06:19:21 INFO  Verify:29 -Verified animal name is matched  Successfully Pass  Actual Result :: Finch ::  Expected Result :: Finch
2023-04-24 06:19:42 INFO  Verify:29 -Verified birds page title Successfully Pass  Actual Result :: Birds ::  Expected Result :: Birds
2023-04-24 06:19:49 INFO  Verify:29 -Verified animal name is matched  Successfully Pass  Actual Result :: Amazon Parrot ::  Expected Result :: Amazon Parrot
2023-04-24 06:19:50 INFO  Verify:29 -Verified birds page title Successfully Pass  Actual Result :: Birds ::  Expected Result :: Birds
2023-04-24 06:19:56 INFO  Verify:29 -Verified animal name is matched  Successfully Pass  Actual Result :: Finch ::  Expected Result :: Finch
2023-04-24 06:37:53 INFO  Verify:29 -Verified Fish page title Successfully Pass  Actual Result :: Fish ::  Expected Result :: Fish
2023-04-24 06:39:06 INFO  Verify:29 -Verified birds page title Successfully Pass  Actual Result :: Birds ::  Expected Result :: Birds
2023-04-24 06:41:26 INFO  Verify:29 -Verified Fish page title Successfully Pass  Actual Result :: Fish ::  Expected Result :: Fish
2023-04-24 06:43:34 INFO  Verify:29 -Verified Fish page title Successfully Pass  Actual Result :: Fish ::  Expected Result :: Fish
2023-04-24 06:43:41 INFO  Verify:29 -Verified animal name is matched  Successfully Pass  Actual Result :: Angelfish ::  Expected Result :: Angelfish
2023-04-24 06:43:41 INFO  Verify:29 -Verified Fish page title Successfully Pass  Actual Result :: Fish ::  Expected Result :: Fish
2023-04-24 06:43:47 INFO  Verify:29 -Verified animal name is matched  Successfully Pass  Actual Result :: Tiger Shark ::  Expected Result :: Tiger Shark
2023-04-24 06:43:48 INFO  Verify:29 -Verified Fish page title Successfully Pass  Actual Result :: Fish ::  Expected Result :: Fish
2023-04-24 06:43:54 INFO  Verify:29 -Verified animal name is matched  Successfully Pass  Actual Result :: Koi ::  Expected Result :: Koi
2023-04-24 06:43:55 INFO  Verify:29 -Verified Fish page title Successfully Pass  Actual Result :: Fish ::  Expected Result :: Fish
2023-04-24 06:44:01 INFO  Verify:29 -Verified animal name is matched  Successfully Pass  Actual Result :: Goldfish ::  Expected Result :: Goldfish
2023-04-24 06:44:02 INFO  Verify:29 -Verified birds page title Successfully Pass  Actual Result :: Birds ::  Expected Result :: Birds
2023-04-24 06:44:07 INFO  Verify:29 -Verified animal name is matched  Successfully Pass  Actual Result :: Angelfish ::  Expected Result :: Angelfish
2023-04-24 06:44:08 INFO  Verify:29 -Verified birds page title Successfully Pass  Actual Result :: Birds ::  Expected Result :: Birds
2023-04-24 06:44:14 INFO  Verify:29 -Verified animal name is matched  Successfully Pass  Actual Result :: Tiger Shark ::  Expected Result :: Tiger Shark
2023-04-24 06:44:14 INFO  Verify:29 -Verified birds page title Successfully Pass  Actual Result :: Birds ::  Expected Result :: Birds
2023-04-24 06:44:20 INFO  Verify:29 -Verified animal name is matched  Successfully Pass  Actual Result :: Koi ::  Expected Result :: Koi
2023-04-24 06:44:21 INFO  Verify:29 -Verified birds page title Successfully Pass  Actual Result :: Birds ::  Expected Result :: Birds
2023-04-24 06:44:27 INFO  Verify:29 -Verified animal name is matched  Successfully Pass  Actual Result :: Goldfish ::  Expected Result :: Goldfish
2023-04-24 06:44:33 INFO  Verify:29 -Verified animal name is matched  Successfully Pass  Actual Result :: Amazon Parrot ::  Expected Result :: Amazon Parrot
2023-04-24 06:44:40 INFO  Verify:29 -Verified animal name is matched  Successfully Pass  Actual Result :: Finch ::  Expected Result :: Finch
2023-04-24 06:44:47 INFO  Verify:29 -Verified animal name is matched  Successfully Pass  Actual Result :: Bulldog ::  Expected Result :: Bulldog
2023-04-24 06:44:54 INFO  Verify:29 -Verified animal name is matched  Successfully Pass  Actual Result :: Poodle ::  Expected Result :: Poodle
2023-04-24 06:45:01 INFO  Verify:29 -Verified animal name is matched  Successfully Pass  Actual Result :: Dalmation ::  Expected Result :: Dalmation
2023-04-24 06:45:07 INFO  Verify:29 -Verified animal name is matched  Successfully Pass  Actual Result :: Golden Retriever ::  Expected Result :: Golden Retriever
2023-04-24 06:45:14 INFO  Verify:29 -Verified animal name is matched  Successfully Pass  Actual Result :: Labrador Retriever ::  Expected Result :: Labrador Retriever
2023-04-24 06:45:21 INFO  Verify:29 -Verified animal name is matched  Successfully Pass  Actual Result :: Chihuahua ::  Expected Result :: Chihuahua
2023-04-25 12:15:59 INFO  Verify:29 -Verified Fish page title Successfully Pass  Actual Result :: Fish ::  Expected Result :: Fish
2023-04-25 12:16:05 INFO  Verify:29 -Verified animal name is matched  Successfully Pass  Actual Result :: Rattlesnake ::  Expected Result :: Rattlesnake
2023-04-25 12:16:05 INFO  Verify:29 -Verified Fish page title Successfully Pass  Actual Result :: Fish ::  Expected Result :: Fish
2023-04-25 12:16:12 INFO  Verify:29 -Verified animal name is matched  Successfully Pass  Actual Result :: Iguana ::  Expected Result :: Iguana
2023-04-25 12:16:12 INFO  Verify:29 -Verified birds page title Successfully Pass  Actual Result :: Birds ::  Expected Result :: Birds
2023-04-25 12:16:18 INFO  Verify:29 -Verified animal name is matched  Successfully Pass  Actual Result :: Angelfish ::  Expected Result :: Angelfish
2023-04-25 12:16:19 INFO  Verify:29 -Verified birds page title Successfully Pass  Actual Result :: Birds ::  Expected Result :: Birds
2023-04-25 12:16:25 INFO  Verify:29 -Verified animal name is matched  Successfully Pass  Actual Result :: Tiger Shark ::  Expected Result :: Tiger Shark
2023-04-25 12:16:25 INFO  Verify:29 -Verified birds page title Successfully Pass  Actual Result :: Birds ::  Expected Result :: Birds
2023-04-25 12:16:31 INFO  Verify:29 -Verified animal name is matched  Successfully Pass  Actual Result :: Koi ::  Expected Result :: Koi
2023-04-25 12:16:32 INFO  Verify:29 -Verified birds page title Successfully Pass  Actual Result :: Birds ::  Expected Result :: Birds
2023-04-25 12:16:38 INFO  Verify:29 -Verified animal name is matched  Successfully Pass  Actual Result :: Goldfish ::  Expected Result :: Goldfish
2023-04-25 12:16:45 INFO  Verify:29 -Verified animal name is matched  Successfully Pass  Actual Result :: Amazon Parrot ::  Expected Result :: Amazon Parrot
2023-04-25 12:16:51 INFO  Verify:29 -Verified animal name is matched  Successfully Pass  Actual Result :: Finch ::  Expected Result :: Finch
2023-04-25 12:16:58 INFO  Verify:29 -Verified animal name is matched  Successfully Pass  Actual Result :: Bulldog ::  Expected Result :: Bulldog
2023-04-25 12:17:05 INFO  Verify:29 -Verified animal name is matched  Successfully Pass  Actual Result :: Poodle ::  Expected Result :: Poodle
2023-04-25 12:17:11 INFO  Verify:29 -Verified animal name is matched  Successfully Pass  Actual Result :: Dalmation ::  Expected Result :: Dalmation
2023-04-25 12:17:18 INFO  Verify:29 -Verified animal name is matched  Successfully Pass  Actual Result :: Golden Retriever ::  Expected Result :: Golden Retriever
2023-04-25 12:17:24 INFO  Verify:29 -Verified animal name is matched  Successfully Pass  Actual Result :: Labrador Retriever ::  Expected Result :: Labrador Retriever
2023-04-25 12:17:31 INFO  Verify:29 -Verified animal name is matched  Successfully Pass  Actual Result :: Chihuahua ::  Expected Result :: Chihuahua
2023-04-25 12:20:00 INFO  Verify:29 -Verified Fish page title Successfully Pass  Actual Result :: Fish ::  Expected Result :: Fish
2023-04-25 12:20:06 INFO  Verify:29 -Verified animal name is matched  Successfully Pass  Actual Result :: Manx ::  Expected Result :: Manx
2023-04-25 12:20:06 INFO  Verify:29 -Verified Fish page title Successfully Pass  Actual Result :: Fish ::  Expected Result :: Fish
2023-04-25 12:20:12 INFO  Verify:29 -Verified animal name is matched  Successfully Pass  Actual Result :: Persian ::  Expected Result :: Persian
2023-04-25 12:20:13 INFO  Verify:29 -Verified birds page title Successfully Pass  Actual Result :: Birds ::  Expected Result :: Birds
2023-04-25 12:20:19 INFO  Verify:29 -Verified animal name is matched  Successfully Pass  Actual Result :: Angelfish ::  Expected Result :: Angelfish
2023-04-25 12:20:20 INFO  Verify:29 -Verified birds page title Successfully Pass  Actual Result :: Birds ::  Expected Result :: Birds
2023-04-25 12:20:26 INFO  Verify:29 -Verified animal name is matched  Successfully Pass  Actual Result :: Tiger Shark ::  Expected Result :: Tiger Shark
2023-04-25 12:20:26 INFO  Verify:29 -Verified birds page title Successfully Pass  Actual Result :: Birds ::  Expected Result :: Birds
2023-04-25 12:20:32 INFO  Verify:29 -Verified animal name is matched  Successfully Pass  Actual Result :: Koi ::  Expected Result :: Koi
2023-04-25 12:20:33 INFO  Verify:29 -Verified birds page title Successfully Pass  Actual Result :: Birds ::  Expected Result :: Birds
2023-04-25 12:20:39 INFO  Verify:29 -Verified animal name is matched  Successfully Pass  Actual Result :: Goldfish ::  Expected Result :: Goldfish
2023-04-25 12:20:46 INFO  Verify:29 -Verified animal name is matched  Successfully Pass  Actual Result :: Amazon Parrot ::  Expected Result :: Amazon Parrot
2023-04-25 12:20:52 INFO  Verify:29 -Verified animal name is matched  Successfully Pass  Actual Result :: Finch ::  Expected Result :: Finch
2023-04-25 12:20:59 INFO  Verify:29 -Verified animal name is matched  Successfully Pass  Actual Result :: Bulldog ::  Expected Result :: Bulldog
2023-04-25 12:21:05 INFO  Verify:29 -Verified animal name is matched  Successfully Pass  Actual Result :: Poodle ::  Expected Result :: Poodle
2023-04-25 12:21:12 INFO  Verify:29 -Verified animal name is matched  Successfully Pass  Actual Result :: Dalmation ::  Expected Result :: Dalmation
2023-04-25 12:21:18 INFO  Verify:29 -Verified animal name is matched  Successfully Pass  Actual Result :: Golden Retriever ::  Expected Result :: Golden Retriever
2023-04-25 12:21:25 INFO  Verify:29 -Verified animal name is matched  Successfully Pass  Actual Result :: Labrador Retriever ::  Expected Result :: Labrador Retriever
2023-04-25 12:21:31 INFO  Verify:29 -Verified animal name is matched  Successfully Pass  Actual Result :: Chihuahua ::  Expected Result :: Chihuahua
2023-04-25 12:24:50 INFO  Verify:29 -Verified animal name is matched  Successfully Pass  Actual Result :: Manx ::  Expected Result :: Manx
2023-04-25 12:24:57 INFO  Verify:29 -Verified animal name is matched  Successfully Pass  Actual Result :: Persian ::  Expected Result :: Persian
2023-04-25 12:25:27 INFO  Verify:29 -Verified Fish page title Successfully Pass  Actual Result :: Fish ::  Expected Result :: Fish
2023-04-25 12:25:33 INFO  Verify:29 -Verified animal name is matched  Successfully Pass  Actual Result :: Rattlesnake ::  Expected Result :: Rattlesnake
2023-04-25 12:25:34 INFO  Verify:29 -Verified Fish page title Successfully Pass  Actual Result :: Fish ::  Expected Result :: Fish
2023-04-25 12:25:40 INFO  Verify:29 -Verified animal name is matched  Successfully Pass  Actual Result :: Iguana ::  Expected Result :: Iguana
2023-04-25 12:25:40 INFO  Verify:29 -Verified birds page title Successfully Pass  Actual Result :: Birds ::  Expected Result :: Birds
2023-04-25 12:25:47 INFO  Verify:29 -Verified animal name is matched  Successfully Pass  Actual Result :: Angelfish ::  Expected Result :: Angelfish
2023-04-25 12:25:47 INFO  Verify:29 -Verified birds page title Successfully Pass  Actual Result :: Birds ::  Expected Result :: Birds
2023-04-25 12:25:54 INFO  Verify:29 -Verified animal name is matched  Successfully Pass  Actual Result :: Tiger Shark ::  Expected Result :: Tiger Shark
2023-04-25 12:25:55 INFO  Verify:29 -Verified birds page title Successfully Pass  Actual Result :: Birds ::  Expected Result :: Birds
2023-04-25 12:26:01 INFO  Verify:29 -Verified animal name is matched  Successfully Pass  Actual Result :: Koi ::  Expected Result :: Koi
2023-04-25 12:26:01 INFO  Verify:29 -Verified birds page title Successfully Pass  Actual Result :: Birds ::  Expected Result :: Birds
2023-04-25 12:26:07 INFO  Verify:29 -Verified animal name is matched  Successfully Pass  Actual Result :: Goldfish ::  Expected Result :: Goldfish
2023-04-25 12:26:14 INFO  Verify:29 -Verified animal name is matched  Successfully Pass  Actual Result :: Amazon Parrot ::  Expected Result :: Amazon Parrot
2023-04-25 12:26:21 INFO  Verify:29 -Verified animal name is matched  Successfully Pass  Actual Result :: Finch ::  Expected Result :: Finch
2023-04-25 12:26:28 INFO  Verify:29 -Verified animal name is matched  Successfully Pass  Actual Result :: Bulldog ::  Expected Result :: Bulldog
2023-04-25 12:26:35 INFO  Verify:29 -Verified animal name is matched  Successfully Pass  Actual Result :: Poodle ::  Expected Result :: Poodle
2023-04-25 12:26:41 INFO  Verify:29 -Verified animal name is matched  Successfully Pass  Actual Result :: Dalmation ::  Expected Result :: Dalmation
2023-04-25 12:26:48 INFO  Verify:29 -Verified animal name is matched  Successfully Pass  Actual Result :: Golden Retriever ::  Expected Result :: Golden Retriever
2023-04-25 12:26:55 INFO  Verify:29 -Verified animal name is matched  Successfully Pass  Actual Result :: Labrador Retriever ::  Expected Result :: Labrador Retriever
2023-04-25 12:27:02 INFO  Verify:29 -Verified animal name is matched  Successfully Pass  Actual Result :: Chihuahua ::  Expected Result :: Chihuahua
2023-04-25 12:27:08 INFO  Verify:29 -Verified animal name is matched  Successfully Pass  Actual Result :: Manx ::  Expected Result :: Manx
2023-04-25 12:27:15 INFO  Verify:29 -Verified animal name is matched  Successfully Pass  Actual Result :: Persian ::  Expected Result :: Persian
